<?xml version="1.0" encoding="UTF-8"?>
<testng-results ignored="0" total="1" passed="1" failed="0" skipped="0">
  <reporter-output>
  </reporter-output>
  <suite started-at="2024-11-30T10:27:02 IST" name="Default suite" finished-at="2024-11-30T10:27:02 IST" duration-ms="137">
    <groups>
    </groups>
    <test started-at="2024-11-30T10:27:02 IST" name="Default test" finished-at="2024-11-30T10:27:02 IST" duration-ms="137">
      <class name="Sample1.Demo1">
        <test-method signature="TC1()[pri:0, instance:Sample1.Demo1@67a20f67]" started-at="2024-11-30T10:27:02 IST" name="TC1" finished-at="2024-11-30T10:27:02 IST" duration-ms="23" status="PASS">
          <reporter-output>
          </reporter-output>
        </test-method> <!-- TC1 -->
      </class> <!-- Sample1.Demo1 -->
    </test> <!-- Default test -->
  </suite> <!-- Default suite -->
</testng-results>
