<?xml version="1.0" encoding="UTF-8"?>
<testng-results ignored="0" total="1" passed="1" failed="0" skipped="0">
  <reporter-output>
  </reporter-output>
  <suite started-at="2024-11-30T13:57:41 IST" name="Default suite" finished-at="2024-11-30T13:57:41 IST" duration-ms="98">
    <groups>
    </groups>
    <test started-at="2024-11-30T13:57:41 IST" name="Default test" finished-at="2024-11-30T13:57:41 IST" duration-ms="98">
      <class name="Sample1.Demo2">
        <test-method signature="TC2()[pri:0, instance:Sample1.Demo2@9225652]" started-at="2024-11-30T13:57:41 IST" name="TC2" finished-at="2024-11-30T13:57:41 IST" duration-ms="21" status="PASS">
          <reporter-output>
          </reporter-output>
        </test-method> <!-- TC2 -->
      </class> <!-- Sample1.Demo2 -->
    </test> <!-- Default test -->
  </suite> <!-- Default suite -->
</testng-results>
